#
# A fatal error has been detected by the Java Runtime Environment:
#
#  Internal Error (javaClasses.cpp:136), pid=3476, tid=4328
#  fatal error: Invalid layout of preloaded class
#
# JRE version:  (7.0_51-b13) (build )
# Java VM: Java HotSpot(TM) 64-Bit Server VM (24.51-b03 mixed mode windows-amd64 compressed oops)
# Failed to write core dump. Minidumps are not enabled by default on client versions of Windows
#
# If you would like to submit a bug report, please visit:
#   http://bugreport.sun.com/bugreport/crash.jsp
#

---------------  T H R E A D  ---------------

Current thread (0x00000000022fd800):  JavaThread "Unknown thread" [_thread_in_vm, id=4328, stack(0x00000000024e0000,0x00000000025e0000)]

Stack: [0x00000000024e0000,0x00000000025e0000]

---------------  P R O C E S S  ---------------

Java Threads: ( => current thread )

Other Threads:

=>0x00000000022fd800 (exited) JavaThread "Unknown thread" [_thread_in_vm, id=4328, stack(0x00000000024e0000,0x00000000025e0000)]

VM state:not at safepoint (not fully initialized)

VM Mutex/Monitor currently owned by a thread: None

GC Heap History (0 events):
No events

Deoptimization events (0 events):
No events

Internal exceptions (0 events):
No events

Events (10 events):
Event: 0.006 loading class 0x00000000021ec740 done
Event: 0.006 loading class 0x00000000021ec160 done
Event: 0.006 loading class 0x00000000021ec140
Event: 0.006 loading class 0x00000000021f4240
Event: 0.006 loading class 0x00000000021f4240 done
Event: 0.006 loading class 0x00000000021f4270
Event: 0.006 loading class 0x00000000021f4270 done
Event: 0.006 loading class 0x00000000021f42a0
Event: 0.006 loading class 0x00000000021f42a0 done
Event: 0.006 loading class 0x00000000021ec140 done


Dynamic libraries:
0x000000013fb80000 - 0x000000013fbb3000 	C:\Program Files\Java\jre7\bin\javaw.exe
0x00000000772f0000 - 0x0000000077499000 	C:\Windows\SYSTEM32\ntdll.dll
0x00000000771d0000 - 0x00000000772ef000 	C:\Windows\system32\kernel32.dll
0x000007fefd210000 - 0x000007fefd27c000 	C:\Windows\system32\KERNELBASE.dll
0x000007fefdfc0000 - 0x000007fefe09b000 	C:\Windows\system32\ADVAPI32.dll
0x000007fefdba0000 - 0x000007fefdc3f000 	C:\Windows\system32\msvcrt.dll
0x000007feff1f0000 - 0x000007feff20f000 	C:\Windows\SYSTEM32\sechost.dll
0x000007feff280000 - 0x000007feff3ad000 	C:\Windows\system32\RPCRT4.dll
0x00000000770d0000 - 0x00000000771ca000 	C:\Windows\system32\USER32.dll
0x000007feff210000 - 0x000007feff277000 	C:\Windows\system32\GDI32.dll
0x000007feff5f0000 - 0x000007feff5fe000 	C:\Windows\system32\LPK.dll
0x000007feff120000 - 0x000007feff1e9000 	C:\Windows\system32\USP10.dll
0x000007fefbb10000 - 0x000007fefbd04000 	C:\Windows\WinSxS\amd64_microsoft.windows.common-controls_6595b64144ccf1df_6.0.7601.17514_none_fa396087175ac9ac\COMCTL32.dll
0x000007fefd9e0000 - 0x000007fefda51000 	C:\Windows\system32\SHLWAPI.dll
0x000007fefdc40000 - 0x000007fefdc6e000 	C:\Windows\system32\IMM32.DLL
0x000007fefee40000 - 0x000007fefef49000 	C:\Windows\system32\MSCTF.dll
0x000007fefd040000 - 0x000007fefd06f000 	C:\Windows\system32\nvinitx.dll
0x0000000065160000 - 0x0000000065232000 	C:\Program Files\Java\jre7\bin\msvcr100.dll
0x0000000064990000 - 0x0000000065159000 	C:\Program Files\Java\jre7\bin\server\jvm.dll
0x000007fef1aa0000 - 0x000007fef1aa9000 	C:\Windows\system32\WSOCK32.dll
0x000007fefef50000 - 0x000007fefef9d000 	C:\Windows\system32\WS2_32.dll
0x000007fefe0a0000 - 0x000007fefe0a8000 	C:\Windows\system32\NSI.dll
0x000007fefac40000 - 0x000007fefac7b000 	C:\Windows\system32\WINMM.dll
0x00000000774c0000 - 0x00000000774c7000 	C:\Windows\system32\PSAPI.DLL
0x0000000069e80000 - 0x0000000069e8f000 	C:\Program Files\Java\jre7\bin\verify.dll
0x0000000069e50000 - 0x0000000069e78000 	C:\Program Files\Java\jre7\bin\java.dll
0x0000000069e30000 - 0x0000000069e45000 	C:\Program Files\Java\jre7\bin\zip.dll

VM Arguments:
jvm_args: -Dfile.encoding=Cp1252 -Xbootclasspath:C:\dev\adt-bundle-windows-x86_64-20140702\sdk\platforms\android-19\android.jar 
java_command: com.bustr.samples.sockets.Server
Launcher Type: SUN_STANDARD

Environment Variables:
PATH=C:\Program Files (x86)\NVIDIA Corporation\PhysX\Common;C:\Windows\system32;C:\Windows;C:\Windows\System32\Wbem;C:\Windows\System32\WindowsPowerShell\v1.0\;C:\Program Files (x86)\Windows Kits\8.1\Windows Performance Toolkit\;C:\Program Files\Microsoft SQL Server\110\Tools\Binn\;C:\Program Files (x86)\Livestreamer;.;;.;;.;
USERNAME=Michael
OS=Windows_NT
PROCESSOR_IDENTIFIER=Intel64 Family 6 Model 60 Stepping 3, GenuineIntel



---------------  S Y S T E M  ---------------

OS: Windows 7 , 64 bit Build 7601 Service Pack 1

CPU:total 4 (4 cores per cpu, 1 threads per core) family 6 model 60 stepping 3, cmov, cx8, fxsr, mmx, sse, sse2, sse3, ssse3, sse4.1, sse4.2, popcnt, avx, avx2, aes, erms, tsc, tscinvbit

Memory: 4k page, physical 8266412k(4156460k free), swap 16530960k(11916104k free)

vm_info: Java HotSpot(TM) 64-Bit Server VM (24.51-b03) for windows-amd64 JRE (1.7.0_51-b13), built on Dec 18 2013 18:40:56 by "java_re" with unknown MS VC++:1600

time: Wed Sep 10 22:34:29 2014
elapsed time: 0 seconds

